0 info it worked if it ends with ok
1 verbose cli [ '/usr/local/Cellar/node/7.2.1/bin/node',
1 verbose cli   '/usr/local/bin/npm',
1 verbose cli   'install',
1 verbose cli   'jwt',
1 verbose cli   '--save' ]
2 info using npm@3.10.9
3 info using node@v7.2.1
4 silly loadCurrentTree Starting
5 silly install loadCurrentTree
6 silly install readLocalPackageData
7 silly fetchPackageMetaData jwt
8 silly fetchNamedPackageData jwt
9 silly mapToRegistry name jwt
10 silly mapToRegistry using default registry
11 silly mapToRegistry registry https://registry.npmjs.org/
12 silly mapToRegistry data Result {
12 silly mapToRegistry   raw: 'jwt',
12 silly mapToRegistry   scope: null,
12 silly mapToRegistry   escapedName: 'jwt',
12 silly mapToRegistry   name: 'jwt',
12 silly mapToRegistry   rawSpec: '',
12 silly mapToRegistry   spec: 'latest',
12 silly mapToRegistry   type: 'tag' }
13 silly mapToRegistry uri https://registry.npmjs.org/jwt
14 verbose request uri https://registry.npmjs.org/jwt
15 verbose request no auth needed
16 info attempt registry request try #1 at 5:17:20 PM
17 verbose request using bearer token for auth
18 verbose request id a093af6d533e8103
19 verbose etag W/"5852381a-1435"
20 verbose lastModified Thu, 15 Dec 2016 06:28:42 GMT
21 http request GET https://registry.npmjs.org/jwt
22 http 304 https://registry.npmjs.org/jwt
23 verbose headers { server: 'nginx/1.10.1',
23 verbose headers   'last-modified': 'Thu, 15 Dec 2016 06:28:42 GMT',
23 verbose headers   etag: '"5852381a-1435"',
23 verbose headers   'cache-control': 'max-age=300',
23 verbose headers   'accept-ranges': 'bytes',
23 verbose headers   date: 'Mon, 16 Jan 2017 17:17:20 GMT',
23 verbose headers   via: '1.1 varnish',
23 verbose headers   connection: 'keep-alive',
23 verbose headers   'x-served-by': 'cache-lcy1125-LCY',
23 verbose headers   'x-cache': 'MISS',
23 verbose headers   'x-cache-hits': '0',
23 verbose headers   'x-timer': 'S1484587040.300957,VS0,VE17',
23 verbose headers   vary: 'Accept-Encoding' }
24 silly get cb [ 304,
24 silly get   { server: 'nginx/1.10.1',
24 silly get     'last-modified': 'Thu, 15 Dec 2016 06:28:42 GMT',
24 silly get     etag: '"5852381a-1435"',
24 silly get     'cache-control': 'max-age=300',
24 silly get     'accept-ranges': 'bytes',
24 silly get     date: 'Mon, 16 Jan 2017 17:17:20 GMT',
24 silly get     via: '1.1 varnish',
24 silly get     connection: 'keep-alive',
24 silly get     'x-served-by': 'cache-lcy1125-LCY',
24 silly get     'x-cache': 'MISS',
24 silly get     'x-cache-hits': '0',
24 silly get     'x-timer': 'S1484587040.300957,VS0,VE17',
24 silly get     vary: 'Accept-Encoding' } ]
25 verbose etag https://registry.npmjs.org/jwt from cache
26 verbose get saving jwt to /Users/Tech-A38/.npm/registry.npmjs.org/jwt/.cache.json
27 verbose correctMkdir /Users/Tech-A38/.npm correctMkdir not in flight; initializing
28 silly install normalizeTree
29 silly loadCurrentTree Finishing
30 silly loadIdealTree Starting
31 silly install loadIdealTree
32 silly cloneCurrentTree Starting
33 silly install cloneCurrentTreeToIdealTree
34 silly cloneCurrentTree Finishing
35 silly loadShrinkwrap Starting
36 silly install loadShrinkwrap
37 silly loadShrinkwrap Finishing
38 silly loadAllDepsIntoIdealTree Starting
39 silly install loadAllDepsIntoIdealTree
40 silly resolveWithNewModule jwt@0.2.0 checking installable status
41 silly cache add args [ 'jwt', null ]
42 verbose cache add spec jwt
43 silly cache add parsed spec Result {
43 silly cache add   raw: 'jwt',
43 silly cache add   scope: null,
43 silly cache add   escapedName: 'jwt',
43 silly cache add   name: 'jwt',
43 silly cache add   rawSpec: '',
43 silly cache add   spec: 'latest',
43 silly cache add   type: 'tag' }
44 silly addNamed jwt@latest
45 verbose addNamed "latest" is being treated as a dist-tag for jwt
46 info addNameTag [ 'jwt', 'latest' ]
47 silly mapToRegistry name jwt
48 silly mapToRegistry using default registry
49 silly mapToRegistry registry https://registry.npmjs.org/
50 silly mapToRegistry data Result {
50 silly mapToRegistry   raw: 'jwt',
50 silly mapToRegistry   scope: null,
50 silly mapToRegistry   escapedName: 'jwt',
50 silly mapToRegistry   name: 'jwt',
50 silly mapToRegistry   rawSpec: '',
50 silly mapToRegistry   spec: 'latest',
50 silly mapToRegistry   type: 'tag' }
51 silly mapToRegistry uri https://registry.npmjs.org/jwt
52 verbose addNameTag registry:https://registry.npmjs.org/jwt not in flight; fetching
53 verbose get https://registry.npmjs.org/jwt not expired, no request
54 silly addNameTag next cb for jwt with tag latest
55 silly addNamed jwt@0.2.0
56 verbose addNamed "0.2.0" is a plain semver version for jwt
57 silly cache afterAdd jwt@0.2.0
58 verbose afterAdd /Users/Tech-A38/.npm/jwt/0.2.0/package/package.json not in flight; writing
59 verbose correctMkdir /Users/Tech-A38/.npm correctMkdir not in flight; initializing
60 verbose afterAdd /Users/Tech-A38/.npm/jwt/0.2.0/package/package.json written
61 silly fetchNamedPackageData node-base64
62 silly mapToRegistry name node-base64
63 silly mapToRegistry using default registry
64 silly mapToRegistry registry https://registry.npmjs.org/
65 silly mapToRegistry data Result {
65 silly mapToRegistry   raw: 'node-base64',
65 silly mapToRegistry   scope: null,
65 silly mapToRegistry   escapedName: 'node-base64',
65 silly mapToRegistry   name: 'node-base64',
65 silly mapToRegistry   rawSpec: '',
65 silly mapToRegistry   spec: 'latest',
65 silly mapToRegistry   type: 'tag' }
66 silly mapToRegistry uri https://registry.npmjs.org/node-base64
67 verbose request uri https://registry.npmjs.org/node-base64
68 verbose request no auth needed
69 info attempt registry request try #1 at 5:17:20 PM
70 verbose request using bearer token for auth
71 verbose etag W/"4da8b857-40a"
72 verbose lastModified Fri, 15 Apr 2011 21:27:51 GMT
73 http request GET https://registry.npmjs.org/node-base64
74 http 304 https://registry.npmjs.org/node-base64
75 verbose headers { server: 'nginx/1.10.1',
75 verbose headers   'last-modified': 'Fri, 15 Apr 2011 21:27:51 GMT',
75 verbose headers   etag: '"4da8b857-40a"',
75 verbose headers   'cache-control': 'max-age=300',
75 verbose headers   'accept-ranges': 'bytes',
75 verbose headers   date: 'Mon, 16 Jan 2017 17:17:20 GMT',
75 verbose headers   via: '1.1 varnish',
75 verbose headers   connection: 'keep-alive',
75 verbose headers   'x-served-by': 'cache-lcy1125-LCY',
75 verbose headers   'x-cache': 'MISS',
75 verbose headers   'x-cache-hits': '0',
75 verbose headers   'x-timer': 'S1484587040.452172,VS0,VE17',
75 verbose headers   vary: 'Accept-Encoding' }
76 silly get cb [ 304,
76 silly get   { server: 'nginx/1.10.1',
76 silly get     'last-modified': 'Fri, 15 Apr 2011 21:27:51 GMT',
76 silly get     etag: '"4da8b857-40a"',
76 silly get     'cache-control': 'max-age=300',
76 silly get     'accept-ranges': 'bytes',
76 silly get     date: 'Mon, 16 Jan 2017 17:17:20 GMT',
76 silly get     via: '1.1 varnish',
76 silly get     connection: 'keep-alive',
76 silly get     'x-served-by': 'cache-lcy1125-LCY',
76 silly get     'x-cache': 'MISS',
76 silly get     'x-cache-hits': '0',
76 silly get     'x-timer': 'S1484587040.452172,VS0,VE17',
76 silly get     vary: 'Accept-Encoding' } ]
77 verbose etag https://registry.npmjs.org/node-base64 from cache
78 verbose get saving node-base64 to /Users/Tech-A38/.npm/registry.npmjs.org/node-base64/.cache.json
79 verbose correctMkdir /Users/Tech-A38/.npm correctMkdir not in flight; initializing
80 silly resolveWithNewModule node-base64@0.0.1 checking installable status
81 silly cache add args [ 'node-base64@0.0.1', null ]
82 verbose cache add spec node-base64@0.0.1
83 silly cache add parsed spec Result {
83 silly cache add   raw: 'node-base64@0.0.1',
83 silly cache add   scope: null,
83 silly cache add   escapedName: 'node-base64',
83 silly cache add   name: 'node-base64',
83 silly cache add   rawSpec: '0.0.1',
83 silly cache add   spec: '0.0.1',
83 silly cache add   type: 'version' }
84 silly addNamed node-base64@0.0.1
85 verbose addNamed "0.0.1" is a plain semver version for node-base64
86 silly mapToRegistry name node-base64
87 silly mapToRegistry using default registry
88 silly mapToRegistry registry https://registry.npmjs.org/
89 silly mapToRegistry data Result {
89 silly mapToRegistry   raw: 'node-base64',
89 silly mapToRegistry   scope: null,
89 silly mapToRegistry   escapedName: 'node-base64',
89 silly mapToRegistry   name: 'node-base64',
89 silly mapToRegistry   rawSpec: '',
89 silly mapToRegistry   spec: 'latest',
89 silly mapToRegistry   type: 'tag' }
90 silly mapToRegistry uri https://registry.npmjs.org/node-base64
91 verbose addNameVersion registry:https://registry.npmjs.org/node-base64 not in flight; fetching
92 verbose get https://registry.npmjs.org/node-base64 not expired, no request
93 silly cache afterAdd node-base64@0.0.1
94 verbose afterAdd /Users/Tech-A38/.npm/node-base64/0.0.1/package/package.json not in flight; writing
95 verbose correctMkdir /Users/Tech-A38/.npm correctMkdir not in flight; initializing
96 verbose afterAdd /Users/Tech-A38/.npm/node-base64/0.0.1/package/package.json written
97 silly loadAllDepsIntoIdealTree Finishing
98 silly loadIdealTree Finishing
99 silly currentTree blackjackAPI@0.0.0
99 silly currentTree ├── accepts@1.3.3
99 silly currentTree ├── array-flatten@1.1.1
99 silly currentTree ├── async@2.1.4
99 silly currentTree ├── base64url@2.0.0
99 silly currentTree ├── bluebird@2.10.2
99 silly currentTree ├── body-parser@1.15.2
99 silly currentTree ├── bson@1.0.4
99 silly currentTree ├── buffer-equal-constant-time@1.0.1
99 silly currentTree ├── buffer-shims@1.0.0
99 silly currentTree ├── bytes@2.4.0
99 silly currentTree ├── content-disposition@0.5.1
99 silly currentTree ├── content-type@1.0.2
99 silly currentTree ├── cookie-signature@1.0.6
99 silly currentTree ├── cookie@0.3.1
99 silly currentTree ├── core-util-is@1.0.2
99 silly currentTree ├── debug@2.2.0
99 silly currentTree ├── depd@1.1.0
99 silly currentTree ├── destroy@1.0.4
99 silly currentTree ├── dotenv@4.0.0
99 silly currentTree ├── ecdsa-sig-formatter@1.0.9
99 silly currentTree ├── ee-first@1.1.1
99 silly currentTree ├── ejs@2.5.5
99 silly currentTree ├── encodeurl@1.0.1
99 silly currentTree ├── es6-promise@3.2.1
99 silly currentTree ├── escape-html@1.0.3
99 silly currentTree ├── etag@1.7.0
99 silly currentTree ├── express@4.14.0
99 silly currentTree ├── finalhandler@0.5.0
99 silly currentTree ├── forwarded@0.1.0
99 silly currentTree ├── fresh@0.3.0
99 silly currentTree ├── hoek@2.16.3
99 silly currentTree ├── hooks-fixed@1.2.0
99 silly currentTree ├── http-errors@1.5.1
99 silly currentTree ├── iconv-lite@0.4.13
99 silly currentTree ├── inherits@2.0.3
99 silly currentTree ├── ipaddr.js@1.2.0
99 silly currentTree ├── isarray@1.0.0
99 silly currentTree ├── isemail@1.2.0
99 silly currentTree ├── joi@6.10.1
99 silly currentTree ├── jsonwebtoken@7.2.1
99 silly currentTree ├── jwa@1.1.5
99 silly currentTree ├── jws@3.1.4
99 silly currentTree ├── kareem@1.2.0
99 silly currentTree ├── lodash.once@4.1.1
99 silly currentTree ├── lodash@4.17.4
99 silly currentTree ├── media-typer@0.3.0
99 silly currentTree ├── merge-descriptors@1.0.1
99 silly currentTree ├── methods@1.1.2
99 silly currentTree ├── mime-db@1.26.0
99 silly currentTree ├── mime-types@2.1.14
99 silly currentTree ├── mime@1.3.4
99 silly currentTree ├── moment@2.17.1
99 silly currentTree ├── mongodb-core@2.1.6
99 silly currentTree ├── mongodb@2.2.21
99 silly currentTree ├─┬ mongoose@4.7.7
99 silly currentTree │ └── ms@0.7.2
99 silly currentTree ├── mpath@0.2.1
99 silly currentTree ├── mpromise@0.5.5
99 silly currentTree ├─┬ mquery@2.0.0
99 silly currentTree │ └── sliced@0.0.5
99 silly currentTree ├── ms@0.7.1
99 silly currentTree ├── muri@1.1.1
99 silly currentTree ├── negotiator@0.6.1
99 silly currentTree ├── on-finished@2.3.0
99 silly currentTree ├── parseurl@1.3.1
99 silly currentTree ├── path-to-regexp@0.1.7
99 silly currentTree ├── process-nextick-args@1.0.7
99 silly currentTree ├── proxy-addr@1.1.3
99 silly currentTree ├── qs@6.2.0
99 silly currentTree ├── range-parser@1.2.0
99 silly currentTree ├── raw-body@2.1.7
99 silly currentTree ├── readable-stream@2.1.5
99 silly currentTree ├── regexp-clone@0.0.1
99 silly currentTree ├── require_optional@1.0.0
99 silly currentTree ├── resolve-from@2.0.0
99 silly currentTree ├── safe-buffer@5.0.1
99 silly currentTree ├── semver@5.3.0
99 silly currentTree ├── send@0.14.1
99 silly currentTree ├── sendgrid-rest@2.3.0
99 silly currentTree ├── sendgrid@3.0.11
99 silly currentTree ├── serve-static@1.11.1
99 silly currentTree ├── setprototypeof@1.0.2
99 silly currentTree ├── sliced@1.0.1
99 silly currentTree ├── statuses@1.3.1
99 silly currentTree ├── string_decoder@0.10.31
99 silly currentTree ├── topo@1.1.0
99 silly currentTree ├── type-is@1.6.14
99 silly currentTree ├── unpipe@1.0.0
99 silly currentTree ├── util-deprecate@1.0.2
99 silly currentTree ├── utils-merge@1.0.0
99 silly currentTree ├── vary@1.1.0
99 silly currentTree └── xtend@4.0.1
100 silly idealTree blackjackAPI@0.0.0
100 silly idealTree ├── accepts@1.3.3
100 silly idealTree ├── array-flatten@1.1.1
100 silly idealTree ├── async@2.1.4
100 silly idealTree ├── base64url@2.0.0
100 silly idealTree ├── bluebird@2.10.2
100 silly idealTree ├── body-parser@1.15.2
100 silly idealTree ├── bson@1.0.4
100 silly idealTree ├── buffer-equal-constant-time@1.0.1
100 silly idealTree ├── buffer-shims@1.0.0
100 silly idealTree ├── bytes@2.4.0
100 silly idealTree ├── content-disposition@0.5.1
100 silly idealTree ├── content-type@1.0.2
100 silly idealTree ├── cookie-signature@1.0.6
100 silly idealTree ├── cookie@0.3.1
100 silly idealTree ├── core-util-is@1.0.2
100 silly idealTree ├── debug@2.2.0
100 silly idealTree ├── depd@1.1.0
100 silly idealTree ├── destroy@1.0.4
100 silly idealTree ├── dotenv@4.0.0
100 silly idealTree ├── ecdsa-sig-formatter@1.0.9
100 silly idealTree ├── ee-first@1.1.1
100 silly idealTree ├── ejs@2.5.5
100 silly idealTree ├── encodeurl@1.0.1
100 silly idealTree ├── es6-promise@3.2.1
100 silly idealTree ├── escape-html@1.0.3
100 silly idealTree ├── etag@1.7.0
100 silly idealTree ├── express@4.14.0
100 silly idealTree ├── finalhandler@0.5.0
100 silly idealTree ├── forwarded@0.1.0
100 silly idealTree ├── fresh@0.3.0
100 silly idealTree ├── hoek@2.16.3
100 silly idealTree ├── hooks-fixed@1.2.0
100 silly idealTree ├── http-errors@1.5.1
100 silly idealTree ├── iconv-lite@0.4.13
100 silly idealTree ├── inherits@2.0.3
100 silly idealTree ├── ipaddr.js@1.2.0
100 silly idealTree ├── isarray@1.0.0
100 silly idealTree ├── isemail@1.2.0
100 silly idealTree ├── joi@6.10.1
100 silly idealTree ├── jsonwebtoken@7.2.1
100 silly idealTree ├── jwa@1.1.5
100 silly idealTree ├── jws@3.1.4
100 silly idealTree ├── jwt@0.2.0
100 silly idealTree ├── kareem@1.2.0
100 silly idealTree ├── lodash.once@4.1.1
100 silly idealTree ├── lodash@4.17.4
100 silly idealTree ├── media-typer@0.3.0
100 silly idealTree ├── merge-descriptors@1.0.1
100 silly idealTree ├── methods@1.1.2
100 silly idealTree ├── mime-db@1.26.0
100 silly idealTree ├── mime-types@2.1.14
100 silly idealTree ├── mime@1.3.4
100 silly idealTree ├── moment@2.17.1
100 silly idealTree ├── mongodb-core@2.1.6
100 silly idealTree ├── mongodb@2.2.21
100 silly idealTree ├─┬ mongoose@4.7.7
100 silly idealTree │ └── ms@0.7.2
100 silly idealTree ├── mpath@0.2.1
100 silly idealTree ├── mpromise@0.5.5
100 silly idealTree ├─┬ mquery@2.0.0
100 silly idealTree │ └── sliced@0.0.5
100 silly idealTree ├── ms@0.7.1
100 silly idealTree ├── muri@1.1.1
100 silly idealTree ├── negotiator@0.6.1
100 silly idealTree ├── node-base64@0.0.1
100 silly idealTree ├── on-finished@2.3.0
100 silly idealTree ├── parseurl@1.3.1
100 silly idealTree ├── path-to-regexp@0.1.7
100 silly idealTree ├── process-nextick-args@1.0.7
100 silly idealTree ├── proxy-addr@1.1.3
100 silly idealTree ├── qs@6.2.0
100 silly idealTree ├── range-parser@1.2.0
100 silly idealTree ├── raw-body@2.1.7
100 silly idealTree ├── readable-stream@2.1.5
100 silly idealTree ├── regexp-clone@0.0.1
100 silly idealTree ├── require_optional@1.0.0
100 silly idealTree ├── resolve-from@2.0.0
100 silly idealTree ├── safe-buffer@5.0.1
100 silly idealTree ├── semver@5.3.0
100 silly idealTree ├── send@0.14.1
100 silly idealTree ├── sendgrid-rest@2.3.0
100 silly idealTree ├── sendgrid@3.0.11
100 silly idealTree ├── serve-static@1.11.1
100 silly idealTree ├── setprototypeof@1.0.2
100 silly idealTree ├── sliced@1.0.1
100 silly idealTree ├── statuses@1.3.1
100 silly idealTree ├── string_decoder@0.10.31
100 silly idealTree ├── topo@1.1.0
100 silly idealTree ├── type-is@1.6.14
100 silly idealTree ├── unpipe@1.0.0
100 silly idealTree ├── util-deprecate@1.0.2
100 silly idealTree ├── utils-merge@1.0.0
100 silly idealTree ├── vary@1.1.0
100 silly idealTree └── xtend@4.0.1
101 silly generateActionsToTake Starting
102 silly install generateActionsToTake
103 silly generateActionsToTake Finishing
104 silly diffTrees action count 2
105 silly diffTrees add node-base64@0.0.1
106 silly diffTrees add jwt@0.2.0
107 silly decomposeActions action count 16
108 silly decomposeActions fetch node-base64@0.0.1
109 silly decomposeActions extract node-base64@0.0.1
110 silly decomposeActions test node-base64@0.0.1
111 silly decomposeActions preinstall node-base64@0.0.1
112 silly decomposeActions build node-base64@0.0.1
113 silly decomposeActions install node-base64@0.0.1
114 silly decomposeActions postinstall node-base64@0.0.1
115 silly decomposeActions finalize node-base64@0.0.1
116 silly decomposeActions fetch jwt@0.2.0
117 silly decomposeActions extract jwt@0.2.0
118 silly decomposeActions test jwt@0.2.0
119 silly decomposeActions preinstall jwt@0.2.0
120 silly decomposeActions build jwt@0.2.0
121 silly decomposeActions install jwt@0.2.0
122 silly decomposeActions postinstall jwt@0.2.0
123 silly decomposeActions finalize jwt@0.2.0
124 silly runTopLevelLifecycles Starting
125 silly executeActions Starting
126 silly install executeActions
127 silly doSerial global-install 0
128 silly doParallel fetch 2
129 verbose correctMkdir /Users/Tech-A38/.npm/_locks correctMkdir not in flight; initializing
130 verbose lock using /Users/Tech-A38/.npm/_locks/staging-8698d1412a05acd4.lock for /Users/Tech-A38/Documents/sandbox/blackjackAPI/node_modules/.staging
131 silly doParallel extract 2
132 silly extract node-base64@0.0.1
133 silly extract jwt@0.2.0
134 verbose unbuild node_modules/.staging/node-base64-136c59cd
135 verbose unbuild node_modules/.staging/jwt-a98698f7
136 silly gentlyRm /Users/Tech-A38/Documents/sandbox/blackjackAPI/node_modules/.staging/node-base64-136c59cd is being purged from base /Users/Tech-A38/Documents/sandbox/blackjackAPI
137 verbose gentlyRm don't care about contents; nuking /Users/Tech-A38/Documents/sandbox/blackjackAPI/node_modules/.staging/node-base64-136c59cd
138 silly gentlyRm /Users/Tech-A38/Documents/sandbox/blackjackAPI/node_modules/.staging/jwt-a98698f7 is being purged from base /Users/Tech-A38/Documents/sandbox/blackjackAPI
139 verbose gentlyRm don't care about contents; nuking /Users/Tech-A38/Documents/sandbox/blackjackAPI/node_modules/.staging/jwt-a98698f7
140 verbose tar unpack /Users/Tech-A38/.npm/node-base64/0.0.1/package.tgz
141 verbose tar unpacking to /Users/Tech-A38/Documents/sandbox/blackjackAPI/node_modules/.staging/node-base64-136c59cd
142 silly gentlyRm /Users/Tech-A38/Documents/sandbox/blackjackAPI/node_modules/.staging/node-base64-136c59cd is being purged
143 verbose gentlyRm don't care about contents; nuking /Users/Tech-A38/Documents/sandbox/blackjackAPI/node_modules/.staging/node-base64-136c59cd
144 verbose tar unpack /Users/Tech-A38/.npm/jwt/0.2.0/package.tgz
145 verbose tar unpacking to /Users/Tech-A38/Documents/sandbox/blackjackAPI/node_modules/.staging/jwt-a98698f7
146 silly gentlyRm /Users/Tech-A38/Documents/sandbox/blackjackAPI/node_modules/.staging/jwt-a98698f7 is being purged
147 verbose gentlyRm don't care about contents; nuking /Users/Tech-A38/Documents/sandbox/blackjackAPI/node_modules/.staging/jwt-a98698f7
148 silly gunzTarPerm modes [ '755', '644' ]
149 silly gunzTarPerm modes [ '755', '644' ]
150 silly gunzTarPerm extractEntry
151 silly gunzTarPerm extractEntry .npmignore
152 silly gunzTarPerm extractEntry lib/
153 silly gunzTarPerm extractEntry lib/jwt.js
154 silly gunzTarPerm extractEntry .gitignore
155 silly gunzTarPerm extractEntry base64.cc
156 silly gunzTarPerm extractEntry install.sh
157 silly gunzTarPerm extractEntry js_base64_for_comparsion.js
158 silly gunzTarPerm extractEntry makefile
159 silly gunzTarPerm extractEntry package.json
160 silly gunzTarPerm extractEntry README.md
161 silly gunzTarPerm extractEntry package.json
162 silly gunzTarPerm extractEntry README.md
163 silly gunzTarPerm extractEntry test.js
164 silly gunzTarPerm extractEntry test.php
165 silly gunzTarPerm extractEntry wscript
166 silly gentlyRm /Users/Tech-A38/Documents/sandbox/blackjackAPI/node_modules/.staging/jwt-a98698f7/node_modules is being purged
167 verbose gentlyRm don't care about contents; nuking /Users/Tech-A38/Documents/sandbox/blackjackAPI/node_modules/.staging/jwt-a98698f7/node_modules
168 silly gentlyRm /Users/Tech-A38/Documents/sandbox/blackjackAPI/node_modules/.staging/node-base64-136c59cd/node_modules is being purged
169 verbose gentlyRm don't care about contents; nuking /Users/Tech-A38/Documents/sandbox/blackjackAPI/node_modules/.staging/node-base64-136c59cd/node_modules
170 silly doParallel preinstall 2
171 silly preinstall node-base64@0.0.1 /Users/Tech-A38/Documents/sandbox/blackjackAPI/node_modules/.staging/node-base64-136c59cd
172 info lifecycle node-base64@0.0.1~preinstall: node-base64@0.0.1
173 silly preinstall jwt@0.2.0 /Users/Tech-A38/Documents/sandbox/blackjackAPI/node_modules/.staging/jwt-a98698f7
174 info lifecycle jwt@0.2.0~preinstall: jwt@0.2.0
175 silly lifecycle node-base64@0.0.1~preinstall: no script for preinstall, continuing
176 silly lifecycle jwt@0.2.0~preinstall: no script for preinstall, continuing
177 silly doReverseSerial remove 0
178 silly doSerial move 0
179 silly doSerial finalize 2
180 silly finalize /Users/Tech-A38/Documents/sandbox/blackjackAPI/node_modules/node-base64
181 silly finalize /Users/Tech-A38/Documents/sandbox/blackjackAPI/node_modules/jwt
182 silly doSerial build 2
183 silly build node-base64@0.0.1
184 info linkStuff node-base64@0.0.1
185 silly linkStuff node-base64@0.0.1 has /Users/Tech-A38/Documents/sandbox/blackjackAPI/node_modules as its parent node_modules
186 verbose linkBins node-base64@0.0.1
187 verbose linkMans node-base64@0.0.1
188 silly build jwt@0.2.0
189 info linkStuff jwt@0.2.0
190 silly linkStuff jwt@0.2.0 has /Users/Tech-A38/Documents/sandbox/blackjackAPI/node_modules as its parent node_modules
191 verbose linkBins jwt@0.2.0
192 verbose linkMans jwt@0.2.0
193 silly doSerial global-link 0
194 silly doParallel update-linked 0
195 silly doSerial install 2
196 silly install node-base64@0.0.1 /Users/Tech-A38/Documents/sandbox/blackjackAPI/node_modules/.staging/node-base64-136c59cd
197 info lifecycle node-base64@0.0.1~install: node-base64@0.0.1
198 verbose lifecycle node-base64@0.0.1~install: unsafe-perm in lifecycle true
199 verbose lifecycle node-base64@0.0.1~install: PATH: /usr/local/lib/node_modules/npm/bin/node-gyp-bin:/Users/Tech-A38/Documents/sandbox/blackjackAPI/node_modules/node-base64/node_modules/.bin:/Users/Tech-A38/Documents/sandbox/blackjackAPI/node_modules/.bin:/usr/local/Cellar/node/7.2.1/bin:/usr/local/share/npm/bin:/usr/local/bin:/usr/bin:/bin:/usr/sbin:/sbin
200 verbose lifecycle node-base64@0.0.1~install: CWD: /Users/Tech-A38/Documents/sandbox/blackjackAPI/node_modules/node-base64
201 silly lifecycle node-base64@0.0.1~install: Args: [ '-c', './install.sh' ]
202 info lifecycle node-base64@0.0.1~install: Failed to exec install script
203 verbose unlock done using /Users/Tech-A38/.npm/_locks/staging-8698d1412a05acd4.lock for /Users/Tech-A38/Documents/sandbox/blackjackAPI/node_modules/.staging
204 silly rollbackFailedOptional Starting
205 silly rollbackFailedOptional Finishing
206 silly runTopLevelLifecycles Finishing
207 silly install printInstalled
208 warn blackjackAPI@0.0.0 No description
209 verbose If you need help, you may report this error at:
209 verbose     <https://github.com/npm/npm/issues>
210 warn blackjackAPI@0.0.0 No repository field.
211 verbose If you need help, you may report this error at:
211 verbose     <https://github.com/npm/npm/issues>
212 warn blackjackAPI@0.0.0 No license field.
213 verbose If you need help, you may report this error at:
213 verbose     <https://github.com/npm/npm/issues>
214 verbose stack Error: node-base64@0.0.1 install: `./install.sh`
214 verbose stack spawn ENOENT
214 verbose stack     at ChildProcess.<anonymous> (/usr/local/lib/node_modules/npm/lib/utils/spawn.js:33:16)
214 verbose stack     at emitTwo (events.js:106:13)
214 verbose stack     at ChildProcess.emit (events.js:191:7)
214 verbose stack     at maybeClose (internal/child_process.js:885:16)
214 verbose stack     at Process.ChildProcess._handle.onexit (internal/child_process.js:226:5)
215 verbose pkgid node-base64@0.0.1
216 verbose cwd /Users/Tech-A38/Documents/sandbox/blackjackAPI
217 error Darwin 16.0.0
218 error argv "/usr/local/Cellar/node/7.2.1/bin/node" "/usr/local/bin/npm" "install" "jwt" "--save"
219 error node v7.2.1
220 error npm  v3.10.9
221 error file sh
222 error code ELIFECYCLE
223 error errno ENOENT
224 error syscall spawn
225 error node-base64@0.0.1 install: `./install.sh`
225 error spawn ENOENT
226 error Failed at the node-base64@0.0.1 install script './install.sh'.
226 error Make sure you have the latest version of node.js and npm installed.
226 error If you do, this is most likely a problem with the node-base64 package,
226 error not with npm itself.
226 error Tell the author that this fails on your system:
226 error     ./install.sh
226 error You can get information on how to open an issue for this project with:
226 error     npm bugs node-base64
226 error Or if that isn't available, you can get their info via:
226 error     npm owner ls node-base64
226 error There is likely additional logging output above.
227 verbose exit [ 1, true ]
